<?xml version="1.0" encoding="UTF-8"?>
<!-- Generated by org.testng.reporters.JUnitXMLReporter -->
<testsuite ignored="1" hostname="DESKTOP-10E3PP0" failures="0" tests="1" name="Default test" time="16.423" errors="0" timestamp="2024-02-07T06:24:20 EST">
  <testcase classname="EcommerceProject.tests.testFilterSortFunctionality" name="validateSort" time="9.675"/>
  <testcase classname="EcommerceProject.tests.testFilterSortFunctionality" name="validateFilter" time="0.0">
    <ignored/>
  </testcase> <!-- validateFilter -->
</testsuite> <!-- Default test -->
