<?xml version="1.0" encoding="UTF-8"?>
<!-- Generated by org.testng.reporters.JUnitXMLReporter -->
<testsuite ignored="0" hostname="DESKTOP-10E3PP0" failures="0" tests="4" name="Test" time="38.399" errors="0" timestamp="2024-02-14T05:09:19 EST">
  <testcase classname="EcommerceProject.tests.TestCreateNewCustomerAcc" name="createAccWithAllFieldsCorrectlyTestCase04" time="4.988"/>
  <testcase classname="EcommerceProject.tests.TestCreateNewCustomerAcc" name="createAccWithAlreadyUsedEmailIdTestCase03" time="4.819"/>
  <testcase classname="EcommerceProject.tests.TestCreateNewCustomerAcc" name="createAccWithMandatoryFieldsMissingTestCase01" time="2.53"/>
  <testcase classname="EcommerceProject.tests.TestCreateNewCustomerAcc" name="createAccWithPasswordandConfirmPasswordMissmatchTestCase02" time="2.573"/>
</testsuite> <!-- Test -->
