<?xml version="1.0" encoding="UTF-8"?>
<!-- Generated by org.testng.reporters.JUnitXMLReporter -->
<testsuite ignored="0" hostname="DESKTOP-10E3PP0" failures="0" tests="4" name="Test" time="55.81" errors="0" timestamp="2024-02-12T06:00:21 EST">
  <testcase classname="EcommerceProject.tests.TestCreateNewCustomerAcc" name="createAccWithAllFieldsCorrectlyTestCase04" time="5.229"/>
  <testcase classname="EcommerceProject.tests.TestCreateNewCustomerAcc" name="createAccWithAlreadyUsedEmailIdTestCase03" time="3.927"/>
  <testcase classname="EcommerceProject.tests.TestCreateNewCustomerAcc" name="createAccWithMandatoryFieldsMissingTestCase01" time="1.8"/>
  <testcase classname="EcommerceProject.tests.TestCreateNewCustomerAcc" name="createAccWithPasswordandConfirmPasswordMissmatchTestCase02" time="3.085"/>
</testsuite> <!-- Test -->
