<?xml version="1.0" encoding="UTF-8"?>
<testng-results ignored="0" total="4" passed="4" failed="0" skipped="0">
  <reporter-output>
  </reporter-output>
  <suite started-at="2024-02-12T05:59:25 EST" name="Suite" finished-at="2024-02-12T06:00:21 EST" duration-ms="55810">
    <groups>
    </groups>
    <test started-at="2024-02-12T05:59:25 EST" name="Test" finished-at="2024-02-12T06:00:21 EST" duration-ms="55810">
      <class name="EcommerceProject.tests.TestCreateNewCustomerAcc">
        <test-method is-config="true" signature="launchApplication()[pri:0, instance:EcommerceProject.tests.TestCreateNewCustomerAcc@39529185]" started-at="2024-02-12T05:59:25 EST" name="launchApplication" finished-at="2024-02-12T05:59:37 EST" duration-ms="11390" status="PASS">
          <reporter-output>
          </reporter-output>
        </test-method> <!-- launchApplication -->
        <test-method signature="createAccWithAllFieldsCorrectlyTestCase04()[pri:0, instance:EcommerceProject.tests.TestCreateNewCustomerAcc@39529185]" started-at="2024-02-12T05:59:37 EST" name="createAccWithAllFieldsCorrectlyTestCase04" finished-at="2024-02-12T05:59:42 EST" duration-ms="5229" status="PASS">
          <reporter-output>
          </reporter-output>
        </test-method> <!-- createAccWithAllFieldsCorrectlyTestCase04 -->
        <test-method is-config="true" signature="closeDriver()[pri:0, instance:EcommerceProject.tests.TestCreateNewCustomerAcc@39529185]" started-at="2024-02-12T05:59:42 EST" name="closeDriver" finished-at="2024-02-12T05:59:42 EST" duration-ms="107" status="PASS">
          <reporter-output>
          </reporter-output>
        </test-method> <!-- closeDriver -->
        <test-method is-config="true" signature="launchApplication()[pri:0, instance:EcommerceProject.tests.TestCreateNewCustomerAcc@39529185]" started-at="2024-02-12T05:59:42 EST" name="launchApplication" finished-at="2024-02-12T05:59:51 EST" duration-ms="8592" status="PASS">
          <reporter-output>
          </reporter-output>
        </test-method> <!-- launchApplication -->
        <test-method signature="createAccWithAlreadyUsedEmailIdTestCase03()[pri:0, instance:EcommerceProject.tests.TestCreateNewCustomerAcc@39529185]" started-at="2024-02-12T05:59:51 EST" name="createAccWithAlreadyUsedEmailIdTestCase03" finished-at="2024-02-12T05:59:55 EST" duration-ms="3927" status="PASS">
          <reporter-output>
          </reporter-output>
        </test-method> <!-- createAccWithAlreadyUsedEmailIdTestCase03 -->
        <test-method is-config="true" signature="closeDriver()[pri:0, instance:EcommerceProject.tests.TestCreateNewCustomerAcc@39529185]" started-at="2024-02-12T05:59:55 EST" name="closeDriver" finished-at="2024-02-12T05:59:55 EST" duration-ms="97" status="PASS">
          <reporter-output>
          </reporter-output>
        </test-method> <!-- closeDriver -->
        <test-method is-config="true" signature="launchApplication()[pri:0, instance:EcommerceProject.tests.TestCreateNewCustomerAcc@39529185]" started-at="2024-02-12T05:59:55 EST" name="launchApplication" finished-at="2024-02-12T06:00:06 EST" duration-ms="11379" status="PASS">
          <reporter-output>
          </reporter-output>
        </test-method> <!-- launchApplication -->
        <test-method signature="createAccWithMandatoryFieldsMissingTestCase01()[pri:0, instance:EcommerceProject.tests.TestCreateNewCustomerAcc@39529185]" started-at="2024-02-12T06:00:06 EST" name="createAccWithMandatoryFieldsMissingTestCase01" finished-at="2024-02-12T06:00:08 EST" duration-ms="1800" status="PASS">
          <reporter-output>
          </reporter-output>
        </test-method> <!-- createAccWithMandatoryFieldsMissingTestCase01 -->
        <test-method is-config="true" signature="closeDriver()[pri:0, instance:EcommerceProject.tests.TestCreateNewCustomerAcc@39529185]" started-at="2024-02-12T06:00:08 EST" name="closeDriver" finished-at="2024-02-12T06:00:08 EST" duration-ms="106" status="PASS">
          <reporter-output>
          </reporter-output>
        </test-method> <!-- closeDriver -->
        <test-method is-config="true" signature="launchApplication()[pri:0, instance:EcommerceProject.tests.TestCreateNewCustomerAcc@39529185]" started-at="2024-02-12T06:00:08 EST" name="launchApplication" finished-at="2024-02-12T06:00:18 EST" duration-ms="9921" status="PASS">
          <reporter-output>
          </reporter-output>
        </test-method> <!-- launchApplication -->
        <test-method signature="createAccWithPasswordandConfirmPasswordMissmatchTestCase02()[pri:0, instance:EcommerceProject.tests.TestCreateNewCustomerAcc@39529185]" started-at="2024-02-12T06:00:18 EST" name="createAccWithPasswordandConfirmPasswordMissmatchTestCase02" finished-at="2024-02-12T06:00:21 EST" duration-ms="3085" status="PASS">
          <reporter-output>
          </reporter-output>
        </test-method> <!-- createAccWithPasswordandConfirmPasswordMissmatchTestCase02 -->
        <test-method is-config="true" signature="closeDriver()[pri:0, instance:EcommerceProject.tests.TestCreateNewCustomerAcc@39529185]" started-at="2024-02-12T06:00:21 EST" name="closeDriver" finished-at="2024-02-12T06:00:21 EST" duration-ms="127" status="PASS">
          <reporter-output>
          </reporter-output>
        </test-method> <!-- closeDriver -->
      </class> <!-- EcommerceProject.tests.TestCreateNewCustomerAcc -->
    </test> <!-- Test -->
  </suite> <!-- Suite -->
</testng-results>
