<?xml version="1.0" encoding="UTF-8"?>
<testng-results ignored="0" total="4" passed="4" failed="0" skipped="0">
  <reporter-output>
  </reporter-output>
  <suite started-at="2024-02-14T05:08:40 EST" name="Suite" finished-at="2024-02-14T05:09:19 EST" duration-ms="38399">
    <groups>
    </groups>
    <test started-at="2024-02-14T05:08:40 EST" name="Test" finished-at="2024-02-14T05:09:19 EST" duration-ms="38399">
      <class name="EcommerceProject.tests.TestCreateNewCustomerAcc">
        <test-method is-config="true" signature="launchApplication()[pri:0, instance:EcommerceProject.tests.TestCreateNewCustomerAcc@39529185]" started-at="2024-02-14T05:08:40 EST" name="launchApplication" finished-at="2024-02-14T05:08:47 EST" duration-ms="6886" status="PASS">
          <reporter-output>
          </reporter-output>
        </test-method> <!-- launchApplication -->
        <test-method signature="createAccWithAllFieldsCorrectlyTestCase04()[pri:0, instance:EcommerceProject.tests.TestCreateNewCustomerAcc@39529185]" started-at="2024-02-14T05:08:47 EST" name="createAccWithAllFieldsCorrectlyTestCase04" finished-at="2024-02-14T05:08:52 EST" duration-ms="4988" status="PASS">
          <reporter-output>
          </reporter-output>
        </test-method> <!-- createAccWithAllFieldsCorrectlyTestCase04 -->
        <test-method is-config="true" signature="closeDriver()[pri:0, instance:EcommerceProject.tests.TestCreateNewCustomerAcc@39529185]" started-at="2024-02-14T05:08:52 EST" name="closeDriver" finished-at="2024-02-14T05:08:52 EST" duration-ms="130" status="PASS">
          <reporter-output>
          </reporter-output>
        </test-method> <!-- closeDriver -->
        <test-method is-config="true" signature="launchApplication()[pri:0, instance:EcommerceProject.tests.TestCreateNewCustomerAcc@39529185]" started-at="2024-02-14T05:08:52 EST" name="launchApplication" finished-at="2024-02-14T05:08:58 EST" duration-ms="5582" status="PASS">
          <reporter-output>
          </reporter-output>
        </test-method> <!-- launchApplication -->
        <test-method signature="createAccWithAlreadyUsedEmailIdTestCase03()[pri:0, instance:EcommerceProject.tests.TestCreateNewCustomerAcc@39529185]" started-at="2024-02-14T05:08:58 EST" name="createAccWithAlreadyUsedEmailIdTestCase03" finished-at="2024-02-14T05:09:03 EST" duration-ms="4819" status="PASS">
          <reporter-output>
          </reporter-output>
        </test-method> <!-- createAccWithAlreadyUsedEmailIdTestCase03 -->
        <test-method is-config="true" signature="closeDriver()[pri:0, instance:EcommerceProject.tests.TestCreateNewCustomerAcc@39529185]" started-at="2024-02-14T05:09:03 EST" name="closeDriver" finished-at="2024-02-14T05:09:03 EST" duration-ms="99" status="PASS">
          <reporter-output>
          </reporter-output>
        </test-method> <!-- closeDriver -->
        <test-method is-config="true" signature="launchApplication()[pri:0, instance:EcommerceProject.tests.TestCreateNewCustomerAcc@39529185]" started-at="2024-02-14T05:09:03 EST" name="launchApplication" finished-at="2024-02-14T05:09:08 EST" duration-ms="5170" status="PASS">
          <reporter-output>
          </reporter-output>
        </test-method> <!-- launchApplication -->
        <test-method signature="createAccWithMandatoryFieldsMissingTestCase01()[pri:0, instance:EcommerceProject.tests.TestCreateNewCustomerAcc@39529185]" started-at="2024-02-14T05:09:08 EST" name="createAccWithMandatoryFieldsMissingTestCase01" finished-at="2024-02-14T05:09:11 EST" duration-ms="2530" status="PASS">
          <reporter-output>
          </reporter-output>
        </test-method> <!-- createAccWithMandatoryFieldsMissingTestCase01 -->
        <test-method is-config="true" signature="closeDriver()[pri:0, instance:EcommerceProject.tests.TestCreateNewCustomerAcc@39529185]" started-at="2024-02-14T05:09:11 EST" name="closeDriver" finished-at="2024-02-14T05:09:11 EST" duration-ms="101" status="PASS">
          <reporter-output>
          </reporter-output>
        </test-method> <!-- closeDriver -->
        <test-method is-config="true" signature="launchApplication()[pri:0, instance:EcommerceProject.tests.TestCreateNewCustomerAcc@39529185]" started-at="2024-02-14T05:09:11 EST" name="launchApplication" finished-at="2024-02-14T05:09:16 EST" duration-ms="5372" status="PASS">
          <reporter-output>
          </reporter-output>
        </test-method> <!-- launchApplication -->
        <test-method signature="createAccWithPasswordandConfirmPasswordMissmatchTestCase02()[pri:0, instance:EcommerceProject.tests.TestCreateNewCustomerAcc@39529185]" started-at="2024-02-14T05:09:16 EST" name="createAccWithPasswordandConfirmPasswordMissmatchTestCase02" finished-at="2024-02-14T05:09:19 EST" duration-ms="2573" status="PASS">
          <reporter-output>
          </reporter-output>
        </test-method> <!-- createAccWithPasswordandConfirmPasswordMissmatchTestCase02 -->
        <test-method is-config="true" signature="closeDriver()[pri:0, instance:EcommerceProject.tests.TestCreateNewCustomerAcc@39529185]" started-at="2024-02-14T05:09:19 EST" name="closeDriver" finished-at="2024-02-14T05:09:19 EST" duration-ms="100" status="PASS">
          <reporter-output>
          </reporter-output>
        </test-method> <!-- closeDriver -->
      </class> <!-- EcommerceProject.tests.TestCreateNewCustomerAcc -->
    </test> <!-- Test -->
  </suite> <!-- Suite -->
</testng-results>
