<?xml version="1.0" encoding="UTF-8"?>
<testng-results ignored="1" total="2" passed="1" failed="0" skipped="0">
  <reporter-output>
  </reporter-output>
  <suite started-at="2024-02-07T06:24:04 EST" name="Default suite" finished-at="2024-02-07T06:24:20 EST" duration-ms="16423">
    <groups>
    </groups>
    <test started-at="2024-02-07T06:24:04 EST" name="Default test" finished-at="2024-02-07T06:24:20 EST" duration-ms="16423">
      <class name="EcommerceProject.tests.testFilterSortFunctionality">
        <test-method is-config="true" signature="launchApplication()[pri:0, instance:EcommerceProject.tests.testFilterSortFunctionality@1b2abca6]" started-at="2024-02-07T06:24:04 EST" name="launchApplication" finished-at="2024-02-07T06:24:10 EST" duration-ms="6574" status="PASS">
          <reporter-output>
          </reporter-output>
        </test-method> <!-- launchApplication -->
        <test-method signature="validateSort()[pri:0, instance:EcommerceProject.tests.testFilterSortFunctionality@1b2abca6]" started-at="2024-02-07T06:24:10 EST" name="validateSort" finished-at="2024-02-07T06:24:20 EST" duration-ms="9675" status="PASS">
          <reporter-output>
          </reporter-output>
        </test-method> <!-- validateSort -->
        <test-method is-config="true" signature="closeDriver()[pri:0, instance:EcommerceProject.tests.testFilterSortFunctionality@1b2abca6]" started-at="2024-02-07T06:24:20 EST" name="closeDriver" finished-at="2024-02-07T06:24:20 EST" duration-ms="135" status="PASS">
          <reporter-output>
          </reporter-output>
        </test-method> <!-- closeDriver -->
      </class> <!-- EcommerceProject.tests.testFilterSortFunctionality -->
    </test> <!-- Default test -->
  </suite> <!-- Default suite -->
</testng-results>
